[debug] [2025-02-10T05:52:33.850Z] ----------------------------------------------------------------------
[debug] [2025-02-10T05:52:33.855Z] Command:       C:\Program Files\nodejs\node.exe C:\Users\Vaibh\AppData\Roaming\npm\node_modules\firebase-tools\lib\bin\firebase.js deploy
[debug] [2025-02-10T05:52:33.856Z] CLI Version:   13.30.0
[debug] [2025-02-10T05:52:33.856Z] Platform:      win32
[debug] [2025-02-10T05:52:33.856Z] Node Version:  v23.7.0
[debug] [2025-02-10T05:52:33.857Z] Time:          Mon Feb 10 2025 11:22:33 GMT+0530 (India Standard Time)
[debug] [2025-02-10T05:52:33.857Z] ----------------------------------------------------------------------
[debug] 
[debug] [2025-02-10T05:52:34.194Z] > command requires scopes: ["email","openid","https://www.googleapis.com/auth/cloudplatformprojects.readonly","https://www.googleapis.com/auth/firebase","https://www.googleapis.com/auth/cloud-platform"]
[debug] [2025-02-10T05:52:34.195Z] > authorizing via signed-in user (vaibhav249sharma@gmail.com)
[debug] [2025-02-10T05:52:34.195Z] [iam] checking project netfixclone-427d0 for permissions ["firebase.projects.get","firebasehosting.sites.update"]
[debug] [2025-02-10T05:52:34.196Z] Checked if tokens are valid: false, expires at: 1739100282359
[debug] [2025-02-10T05:52:34.197Z] Checked if tokens are valid: false, expires at: 1739100282359
[debug] [2025-02-10T05:52:34.197Z] > refreshing access token with scopes: []
[debug] [2025-02-10T05:52:34.199Z] >>> [apiv2][query] POST https://www.googleapis.com/oauth2/v3/token [none]
[debug] [2025-02-10T05:52:34.199Z] >>> [apiv2][body] POST https://www.googleapis.com/oauth2/v3/token [omitted]
[debug] [2025-02-10T05:52:34.285Z] *** [apiv2] error from fetch(https://www.googleapis.com/oauth2/v3/token, {"headers":{},"method":"POST","body":{"_overheadLength":545,"_valueLength":212,"_valuesToMeasure":[],"writable":false,"readable":true,"dataSize":0,"maxDataSize":2097152,"pauseStreams":true,"_released":true,"_streams":[],"_currentStream":null,"_insideLoop":false,"_pendingNext":false,"_boundary":"--------------------------342398139582002771267235","_events":{},"_eventsCount":1}}): FetchError: request to https://www.googleapis.com/oauth2/v3/token failed, reason: getaddrinfo ENOTFOUND www.googleapis.com
[error] Authentication Error: Your credentials are no longer valid. Please run firebase login --reauth

For CI servers and headless environments, generate a new token with firebase login:ci
[debug] [2025-02-10T05:52:34.287Z] [iam] error while checking permissions, command may fail: Authentication Error: Your credentials are no longer valid. Please run firebase login --reauth

For CI servers and headless environments, generate a new token with firebase login:ci
[debug] [2025-02-10T05:52:34.288Z] Checked if tokens are valid: false, expires at: 1739100282359
[debug] [2025-02-10T05:52:34.288Z] Checked if tokens are valid: false, expires at: 1739100282359
[debug] [2025-02-10T05:52:34.288Z] > refreshing access token with scopes: []
[debug] [2025-02-10T05:52:34.289Z] >>> [apiv2][query] POST https://www.googleapis.com/oauth2/v3/token [none]
[debug] [2025-02-10T05:52:34.289Z] >>> [apiv2][body] POST https://www.googleapis.com/oauth2/v3/token [omitted]
[debug] [2025-02-10T05:52:34.307Z] *** [apiv2] error from fetch(https://www.googleapis.com/oauth2/v3/token, {"headers":{},"method":"POST","body":{"_overheadLength":545,"_valueLength":212,"_valuesToMeasure":[],"writable":false,"readable":true,"dataSize":0,"maxDataSize":2097152,"pauseStreams":true,"_released":true,"_streams":[],"_currentStream":null,"_insideLoop":false,"_pendingNext":false,"_boundary":"--------------------------088506564260827323844556","_events":{},"_eventsCount":1}}): FetchError: request to https://www.googleapis.com/oauth2/v3/token failed, reason: getaddrinfo ENOTFOUND www.googleapis.com
[error] Authentication Error: Your credentials are no longer valid. Please run firebase login --reauth

For CI servers and headless environments, generate a new token with firebase login:ci
[debug] [2025-02-10T05:52:34.308Z] Authentication Error: Your credentials are no longer valid. Please run firebase login --reauth

For CI servers and headless environments, generate a new token with firebase login:ci
[error] 
[error] Error: Assertion failed: resolving hosting target of a site with no site name or target name. This should have caused an error earlier
